[debug] [2025-03-12T03:47:51.605Z] ----------------------------------------------------------------------
[debug] [2025-03-12T03:47:51.606Z] Command:       /opt/homebrew/Cellar/node@18/18.18.0/bin/node /opt/homebrew/bin/firebase deploy --only functions
[debug] [2025-03-12T03:47:51.606Z] CLI Version:   13.33.0
[debug] [2025-03-12T03:47:51.607Z] Platform:      darwin
[debug] [2025-03-12T03:47:51.607Z] Node Version:  v18.18.0
[debug] [2025-03-12T03:47:51.608Z] Time:          Tue Mar 11 2025 20:47:51 GMT-0700 (Pacific Daylight Saving Time)
[debug] [2025-03-12T03:47:51.608Z] ----------------------------------------------------------------------
[debug] 
[debug] [2025-03-12T03:47:51.706Z] > command requires scopes: ["email","openid","https://www.googleapis.com/auth/cloudplatformprojects.readonly","https://www.googleapis.com/auth/firebase","https://www.googleapis.com/auth/cloud-platform"]
[debug] [2025-03-12T03:47:51.706Z] > authorizing via signed-in user (alexander.mcdermid@gmail.com)
[debug] [2025-03-12T03:47:51.706Z] [iam] checking project real-estate-quest for permissions ["cloudfunctions.functions.create","cloudfunctions.functions.delete","cloudfunctions.functions.get","cloudfunctions.functions.list","cloudfunctions.functions.update","cloudfunctions.operations.get","firebase.projects.get"]
[debug] [2025-03-12T03:47:51.707Z] Checked if tokens are valid: true, expires at: 1741752657124
[debug] [2025-03-12T03:47:51.707Z] Checked if tokens are valid: true, expires at: 1741752657124
[debug] [2025-03-12T03:47:51.708Z] >>> [apiv2][query] POST https://cloudresourcemanager.googleapis.com/v1/projects/real-estate-quest:testIamPermissions [none]
[debug] [2025-03-12T03:47:51.708Z] >>> [apiv2][(partial)header] POST https://cloudresourcemanager.googleapis.com/v1/projects/real-estate-quest:testIamPermissions x-goog-quota-user=projects/real-estate-quest
[debug] [2025-03-12T03:47:51.708Z] >>> [apiv2][body] POST https://cloudresourcemanager.googleapis.com/v1/projects/real-estate-quest:testIamPermissions {"permissions":["cloudfunctions.functions.create","cloudfunctions.functions.delete","cloudfunctions.functions.get","cloudfunctions.functions.list","cloudfunctions.functions.update","cloudfunctions.operations.get","firebase.projects.get"]}
[debug] [2025-03-12T03:47:52.001Z] <<< [apiv2][status] POST https://cloudresourcemanager.googleapis.com/v1/projects/real-estate-quest:testIamPermissions 200
[debug] [2025-03-12T03:47:52.001Z] <<< [apiv2][body] POST https://cloudresourcemanager.googleapis.com/v1/projects/real-estate-quest:testIamPermissions {"permissions":["cloudfunctions.functions.create","cloudfunctions.functions.delete","cloudfunctions.functions.get","cloudfunctions.functions.list","cloudfunctions.functions.update","cloudfunctions.operations.get","firebase.projects.get"]}
[debug] [2025-03-12T03:47:52.002Z] Checked if tokens are valid: true, expires at: 1741752657124
[debug] [2025-03-12T03:47:52.002Z] Checked if tokens are valid: true, expires at: 1741752657124
[debug] [2025-03-12T03:47:52.002Z] >>> [apiv2][query] POST https://iam.googleapis.com/v1/projects/real-estate-quest/serviceAccounts/real-estate-quest@appspot.gserviceaccount.com:testIamPermissions [none]
[debug] [2025-03-12T03:47:52.002Z] >>> [apiv2][body] POST https://iam.googleapis.com/v1/projects/real-estate-quest/serviceAccounts/real-estate-quest@appspot.gserviceaccount.com:testIamPermissions {"permissions":["iam.serviceAccounts.actAs"]}
[debug] [2025-03-12T03:47:52.598Z] <<< [apiv2][status] POST https://iam.googleapis.com/v1/projects/real-estate-quest/serviceAccounts/real-estate-quest@appspot.gserviceaccount.com:testIamPermissions 200
[debug] [2025-03-12T03:47:52.599Z] <<< [apiv2][body] POST https://iam.googleapis.com/v1/projects/real-estate-quest/serviceAccounts/real-estate-quest@appspot.gserviceaccount.com:testIamPermissions {"permissions":["iam.serviceAccounts.actAs"]}
[info] 
[info] === Deploying to 'real-estate-quest'...
[info] 
[info] i  deploying functions 
[info] Running command: npm --prefix "$RESOURCE_DIR" run lint
[info] ✔  functions: Finished running predeploy script. 
[debug] [2025-03-12T03:47:53.868Z] Checked if tokens are valid: true, expires at: 1741752657124
[debug] [2025-03-12T03:47:53.868Z] Checked if tokens are valid: true, expires at: 1741752657124
[debug] [2025-03-12T03:47:53.868Z] >>> [apiv2][query] GET https://cloudresourcemanager.googleapis.com/v1/projects/real-estate-quest [none]
[debug] [2025-03-12T03:47:54.053Z] <<< [apiv2][status] GET https://cloudresourcemanager.googleapis.com/v1/projects/real-estate-quest 200
[debug] [2025-03-12T03:47:54.053Z] <<< [apiv2][body] GET https://cloudresourcemanager.googleapis.com/v1/projects/real-estate-quest {"projectNumber":"517448082147","projectId":"real-estate-quest","lifecycleState":"ACTIVE","name":"real-estate-quest","labels":{"firebase":"enabled","firebase-core":"disabled"},"createTime":"2025-03-11T15:57:08.796383Z"}
[info] i  functions: preparing codebase default for deployment 
[info] i  functions: ensuring required API cloudfunctions.googleapis.com is enabled... 
[debug] [2025-03-12T03:47:54.055Z] Checked if tokens are valid: true, expires at: 1741752657124
[debug] [2025-03-12T03:47:54.055Z] Checked if tokens are valid: true, expires at: 1741752657124
[debug] [2025-03-12T03:47:54.055Z] Checked if tokens are valid: true, expires at: 1741752657124
[debug] [2025-03-12T03:47:54.055Z] Checked if tokens are valid: true, expires at: 1741752657124
[info] i  functions: ensuring required API cloudbuild.googleapis.com is enabled... 
[debug] [2025-03-12T03:47:54.055Z] Checked if tokens are valid: true, expires at: 1741752657124
[debug] [2025-03-12T03:47:54.055Z] Checked if tokens are valid: true, expires at: 1741752657124
[info] i  artifactregistry: ensuring required API artifactregistry.googleapis.com is enabled... 
[debug] [2025-03-12T03:47:54.055Z] Checked if tokens are valid: true, expires at: 1741752657124
[debug] [2025-03-12T03:47:54.055Z] Checked if tokens are valid: true, expires at: 1741752657124
[debug] [2025-03-12T03:47:54.055Z] >>> [apiv2][query] GET https://serviceusage.googleapis.com/v1/projects/real-estate-quest/services/cloudfunctions.googleapis.com [none]
[debug] [2025-03-12T03:47:54.055Z] >>> [apiv2][(partial)header] GET https://serviceusage.googleapis.com/v1/projects/real-estate-quest/services/cloudfunctions.googleapis.com x-goog-quota-user=projects/real-estate-quest
[debug] [2025-03-12T03:47:54.057Z] >>> [apiv2][query] GET https://serviceusage.googleapis.com/v1/projects/real-estate-quest/services/runtimeconfig.googleapis.com [none]
[debug] [2025-03-12T03:47:54.057Z] >>> [apiv2][(partial)header] GET https://serviceusage.googleapis.com/v1/projects/real-estate-quest/services/runtimeconfig.googleapis.com x-goog-quota-user=projects/real-estate-quest
[debug] [2025-03-12T03:47:54.058Z] >>> [apiv2][query] GET https://serviceusage.googleapis.com/v1/projects/real-estate-quest/services/cloudbuild.googleapis.com [none]
[debug] [2025-03-12T03:47:54.058Z] >>> [apiv2][(partial)header] GET https://serviceusage.googleapis.com/v1/projects/real-estate-quest/services/cloudbuild.googleapis.com x-goog-quota-user=projects/real-estate-quest
[debug] [2025-03-12T03:47:54.059Z] >>> [apiv2][query] GET https://serviceusage.googleapis.com/v1/projects/real-estate-quest/services/artifactregistry.googleapis.com [none]
[debug] [2025-03-12T03:47:54.059Z] >>> [apiv2][(partial)header] GET https://serviceusage.googleapis.com/v1/projects/real-estate-quest/services/artifactregistry.googleapis.com x-goog-quota-user=projects/real-estate-quest
[debug] [2025-03-12T03:47:54.380Z] <<< [apiv2][status] GET https://serviceusage.googleapis.com/v1/projects/real-estate-quest/services/cloudfunctions.googleapis.com 200
[debug] [2025-03-12T03:47:54.380Z] <<< [apiv2][body] GET https://serviceusage.googleapis.com/v1/projects/real-estate-quest/services/cloudfunctions.googleapis.com [omitted]
[info] ✔  functions: required API cloudfunctions.googleapis.com is enabled 
[debug] [2025-03-12T03:47:54.610Z] <<< [apiv2][status] GET https://serviceusage.googleapis.com/v1/projects/real-estate-quest/services/cloudbuild.googleapis.com 200
[debug] [2025-03-12T03:47:54.611Z] <<< [apiv2][body] GET https://serviceusage.googleapis.com/v1/projects/real-estate-quest/services/cloudbuild.googleapis.com [omitted]
[info] ✔  functions: required API cloudbuild.googleapis.com is enabled 
[debug] [2025-03-12T03:47:54.613Z] <<< [apiv2][status] GET https://serviceusage.googleapis.com/v1/projects/real-estate-quest/services/runtimeconfig.googleapis.com 200
[debug] [2025-03-12T03:47:54.613Z] <<< [apiv2][body] GET https://serviceusage.googleapis.com/v1/projects/real-estate-quest/services/runtimeconfig.googleapis.com [omitted]
[debug] [2025-03-12T03:47:54.632Z] <<< [apiv2][status] GET https://serviceusage.googleapis.com/v1/projects/real-estate-quest/services/artifactregistry.googleapis.com 200
[debug] [2025-03-12T03:47:54.633Z] <<< [apiv2][body] GET https://serviceusage.googleapis.com/v1/projects/real-estate-quest/services/artifactregistry.googleapis.com [omitted]
[info] ✔  artifactregistry: required API artifactregistry.googleapis.com is enabled 
[debug] [2025-03-12T03:47:54.633Z] Checked if tokens are valid: true, expires at: 1741752657124
[debug] [2025-03-12T03:47:54.633Z] Checked if tokens are valid: true, expires at: 1741752657124
[debug] [2025-03-12T03:47:54.633Z] >>> [apiv2][query] GET https://firebase.googleapis.com/v1beta1/projects/real-estate-quest/adminSdkConfig [none]
[debug] [2025-03-12T03:47:55.154Z] <<< [apiv2][status] GET https://firebase.googleapis.com/v1beta1/projects/real-estate-quest/adminSdkConfig 200
[debug] [2025-03-12T03:47:55.154Z] <<< [apiv2][body] GET https://firebase.googleapis.com/v1beta1/projects/real-estate-quest/adminSdkConfig {"projectId":"real-estate-quest","storageBucket":"real-estate-quest.firebasestorage.app"}
[debug] [2025-03-12T03:47:55.155Z] Checked if tokens are valid: true, expires at: 1741752657124
[debug] [2025-03-12T03:47:55.155Z] Checked if tokens are valid: true, expires at: 1741752657124
[debug] [2025-03-12T03:47:55.155Z] >>> [apiv2][query] GET https://runtimeconfig.googleapis.com/v1beta1/projects/real-estate-quest/configs [none]
[debug] [2025-03-12T03:47:55.437Z] <<< [apiv2][status] GET https://runtimeconfig.googleapis.com/v1beta1/projects/real-estate-quest/configs 200
[debug] [2025-03-12T03:47:55.437Z] <<< [apiv2][body] GET https://runtimeconfig.googleapis.com/v1beta1/projects/real-estate-quest/configs {}
[debug] [2025-03-12T03:47:55.438Z] Validating nodejs source
[debug] [2025-03-12T03:47:56.267Z] > [functions] package.json contents: {
  "name": "functions",
  "description": "Cloud Functions for Firebase",
  "type": "module",
  "scripts": {
    "lint": "eslint .",
    "lint:fix": "eslint . --fix",
    "serve": "firebase emulators:start --only functions",
    "shell": "firebase functions:shell",
    "start": "npm run shell",
    "deploy": "firebase deploy --only functions",
    "logs": "firebase functions:log"
  },
  "engines": {
    "node": "22"
  },
  "main": "index.js",
  "dependencies": {
    "firebase-admin": "^12.6.0",
    "firebase-functions": "^6.0.1"
  },
  "devDependencies": {
    "eslint": "^8.15.0",
    "eslint-config-google": "^0.14.0",
    "firebase-functions-test": "^3.1.0"
  },
  "private": true
}
[debug] [2025-03-12T03:47:56.268Z] Building nodejs source
[info] i  functions: Loading and analyzing source code for codebase default to determine what to deploy 
[debug] [2025-03-12T03:47:56.268Z] Could not find functions.yaml. Must use http discovery
[debug] [2025-03-12T03:47:56.274Z] Found firebase-functions binary at '/Users/alexmcdermid/code/real-estate-quest/functions/node_modules/.bin/firebase-functions'
[info] Serving at port 8515

[debug] [2025-03-12T03:47:56.618Z] Got response from /__/functions.yaml {"endpoints":{"getQuestionsByChapter":{"availableMemoryMb":null,"timeoutSeconds":null,"minInstances":null,"maxInstances":null,"ingressSettings":null,"concurrency":null,"serviceAccountEmail":null,"vpc":null,"platform":"gcfv2","region":["us-west1"],"labels":{},"callableTrigger":{},"entryPoint":"getQuestionsByChapter"}},"specVersion":"v1alpha1","requiredAPIs":[],"extensions":{}}
[info] i  extensions: ensuring required API firebaseextensions.googleapis.com is enabled... 
[debug] [2025-03-12T03:47:56.630Z] Checked if tokens are valid: true, expires at: 1741752657124
[debug] [2025-03-12T03:47:56.630Z] Checked if tokens are valid: true, expires at: 1741752657124
[debug] [2025-03-12T03:47:56.630Z] >>> [apiv2][query] GET https://serviceusage.googleapis.com/v1/projects/real-estate-quest/services/firebaseextensions.googleapis.com [none]
[debug] [2025-03-12T03:47:56.630Z] >>> [apiv2][(partial)header] GET https://serviceusage.googleapis.com/v1/projects/real-estate-quest/services/firebaseextensions.googleapis.com x-goog-quota-user=projects/real-estate-quest
[debug] [2025-03-12T03:47:56.866Z] <<< [apiv2][status] GET https://serviceusage.googleapis.com/v1/projects/real-estate-quest/services/firebaseextensions.googleapis.com 200
[debug] [2025-03-12T03:47:56.866Z] <<< [apiv2][body] GET https://serviceusage.googleapis.com/v1/projects/real-estate-quest/services/firebaseextensions.googleapis.com [omitted]
[info] ✔  extensions: required API firebaseextensions.googleapis.com is enabled 
[debug] [2025-03-12T03:47:56.866Z] > command requires scopes: ["email","openid","https://www.googleapis.com/auth/cloudplatformprojects.readonly","https://www.googleapis.com/auth/firebase","https://www.googleapis.com/auth/cloud-platform"]
[debug] [2025-03-12T03:47:56.866Z] > authorizing via signed-in user (alexander.mcdermid@gmail.com)
[debug] [2025-03-12T03:47:56.866Z] [iam] checking project real-estate-quest for permissions ["firebase.projects.get","firebaseextensions.instances.list"]
[debug] [2025-03-12T03:47:56.867Z] Checked if tokens are valid: true, expires at: 1741752657124
[debug] [2025-03-12T03:47:56.867Z] Checked if tokens are valid: true, expires at: 1741752657124
[debug] [2025-03-12T03:47:56.867Z] >>> [apiv2][query] POST https://cloudresourcemanager.googleapis.com/v1/projects/real-estate-quest:testIamPermissions [none]
[debug] [2025-03-12T03:47:56.867Z] >>> [apiv2][(partial)header] POST https://cloudresourcemanager.googleapis.com/v1/projects/real-estate-quest:testIamPermissions x-goog-quota-user=projects/real-estate-quest
[debug] [2025-03-12T03:47:56.867Z] >>> [apiv2][body] POST https://cloudresourcemanager.googleapis.com/v1/projects/real-estate-quest:testIamPermissions {"permissions":["firebase.projects.get","firebaseextensions.instances.list"]}
[debug] [2025-03-12T03:47:57.005Z] <<< [apiv2][status] POST https://cloudresourcemanager.googleapis.com/v1/projects/real-estate-quest:testIamPermissions 200
[debug] [2025-03-12T03:47:57.005Z] <<< [apiv2][body] POST https://cloudresourcemanager.googleapis.com/v1/projects/real-estate-quest:testIamPermissions {"permissions":["firebase.projects.get","firebaseextensions.instances.list"]}
[debug] [2025-03-12T03:47:57.005Z] Checked if tokens are valid: true, expires at: 1741752657124
[debug] [2025-03-12T03:47:57.005Z] Checked if tokens are valid: true, expires at: 1741752657124
[debug] [2025-03-12T03:47:57.006Z] >>> [apiv2][query] GET https://firebaseextensions.googleapis.com/v1beta/projects/real-estate-quest/instances pageSize=100&pageToken=
[debug] [2025-03-12T03:47:57.613Z] <<< [apiv2][status] GET https://firebaseextensions.googleapis.com/v1beta/projects/real-estate-quest/instances 200
[debug] [2025-03-12T03:47:57.614Z] <<< [apiv2][body] GET https://firebaseextensions.googleapis.com/v1beta/projects/real-estate-quest/instances {}
[info] i  functions: preparing functions directory for uploading... 
[info] i  functions: packaged /Users/alexmcdermid/code/real-estate-quest/functions (73.59 KB) for uploading 
[debug] [2025-03-12T03:47:57.657Z] Checked if tokens are valid: true, expires at: 1741752657124
[debug] [2025-03-12T03:47:57.657Z] Checked if tokens are valid: true, expires at: 1741752657124
[debug] [2025-03-12T03:47:57.657Z] >>> [apiv2][query] GET https://cloudfunctions.googleapis.com/v1/projects/real-estate-quest/locations/-/functions [none]
[debug] [2025-03-12T03:47:58.435Z] <<< [apiv2][status] GET https://cloudfunctions.googleapis.com/v1/projects/real-estate-quest/locations/-/functions 200
[debug] [2025-03-12T03:47:58.435Z] <<< [apiv2][body] GET https://cloudfunctions.googleapis.com/v1/projects/real-estate-quest/locations/-/functions {}
[debug] [2025-03-12T03:47:58.436Z] Checked if tokens are valid: true, expires at: 1741752657124
[debug] [2025-03-12T03:47:58.436Z] Checked if tokens are valid: true, expires at: 1741752657124
[debug] [2025-03-12T03:47:58.436Z] >>> [apiv2][query] GET https://cloudfunctions.googleapis.com/v2/projects/real-estate-quest/locations/-/functions filter=environment%3D%22GEN_2%22
[debug] [2025-03-12T03:47:59.250Z] <<< [apiv2][status] GET https://cloudfunctions.googleapis.com/v2/projects/real-estate-quest/locations/-/functions 200
[debug] [2025-03-12T03:47:59.250Z] <<< [apiv2][body] GET https://cloudfunctions.googleapis.com/v2/projects/real-estate-quest/locations/-/functions {"functions":[{"name":"projects/real-estate-quest/locations/us-west1/functions/getQuestionsByChapter","buildConfig":{"build":"projects/517448082147/locations/us-west1/builds/98e968a6-65c6-4c7b-be7f-72f8978f708e","runtime":"nodejs22","entryPoint":"getQuestionsByChapter","source":{"storageSource":{"bucket":"gcf-v2-sources-517448082147-us-west1","object":"getQuestionsByChapter/function-source.zip","generation":"1741750842215281"}},"environmentVariables":{"GOOGLE_NODE_RUN_SCRIPTS":""},"dockerRepository":"projects/real-estate-quest/locations/us-west1/repositories/gcf-artifacts","sourceProvenance":{"resolvedStorageSource":{"bucket":"gcf-v2-sources-517448082147-us-west1","object":"getQuestionsByChapter/function-source.zip","generation":"1741750842215281"}},"dockerRegistry":"ARTIFACT_REGISTRY","serviceAccount":"projects/real-estate-quest/serviceAccounts/517448082147-compute@developer.gserviceaccount.com","automaticUpdatePolicy":{}},"serviceConfig":{"service":"projects/real-estate-quest/locations/us-west1/services/getquestionsbychapter","timeoutSeconds":60,"environmentVariables":{"FIREBASE_CONFIG":"{\"projectId\":\"real-estate-quest\",\"storageBucket\":\"real-estate-quest.firebasestorage.app\"}","GCLOUD_PROJECT":"real-estate-quest","EVENTARC_CLOUD_EVENT_SOURCE":"projects/real-estate-quest/locations/us-west1/services/getQuestionsByChapter","FUNCTION_TARGET":"getQuestionsByChapter","LOG_EXECUTION_ID":"true"},"maxInstanceCount":100,"ingressSettings":"ALLOW_ALL","uri":"https://getquestionsbychapter-5femctglcq-uw.a.run.app","serviceAccountEmail":"517448082147-compute@developer.gserviceaccount.com","availableMemory":"256Mi","allTrafficOnLatestRevision":true,"revision":"getquestionsbychapter-00002-yif","maxInstanceRequestConcurrency":80,"availableCpu":"1"},"state":"ACTIVE","updateTime":"2025-03-12T03:41:36.402247125Z","labels":{"firebase-functions-hash":"05cdfe28b67d6cae12c6332db3f4304e1f6e530e","deployment-tool":"cli-firebase","deployment-callable":"true"},"environment":"GEN_2","url":"https://us-west1-real-estate-quest.cloudfunctions.net/getQuestionsByChapter","createTime":"2025-03-12T03:24:38.429180619Z","satisfiesPzi":true}]}
[info] i  functions: ensuring required API run.googleapis.com is enabled... 
[debug] [2025-03-12T03:47:59.252Z] Checked if tokens are valid: true, expires at: 1741752657124
[debug] [2025-03-12T03:47:59.252Z] Checked if tokens are valid: true, expires at: 1741752657124
[info] i  functions: ensuring required API eventarc.googleapis.com is enabled... 
[debug] [2025-03-12T03:47:59.252Z] Checked if tokens are valid: true, expires at: 1741752657124
[debug] [2025-03-12T03:47:59.252Z] Checked if tokens are valid: true, expires at: 1741752657124
[info] i  functions: ensuring required API pubsub.googleapis.com is enabled... 
[debug] [2025-03-12T03:47:59.252Z] Checked if tokens are valid: true, expires at: 1741752657124
[debug] [2025-03-12T03:47:59.252Z] Checked if tokens are valid: true, expires at: 1741752657124
[info] i  functions: ensuring required API storage.googleapis.com is enabled... 
[debug] [2025-03-12T03:47:59.252Z] Checked if tokens are valid: true, expires at: 1741752657124
[debug] [2025-03-12T03:47:59.252Z] Checked if tokens are valid: true, expires at: 1741752657124
[debug] [2025-03-12T03:47:59.252Z] >>> [apiv2][query] GET https://serviceusage.googleapis.com/v1/projects/real-estate-quest/services/run.googleapis.com [none]
[debug] [2025-03-12T03:47:59.252Z] >>> [apiv2][(partial)header] GET https://serviceusage.googleapis.com/v1/projects/real-estate-quest/services/run.googleapis.com x-goog-quota-user=projects/real-estate-quest
[debug] [2025-03-12T03:47:59.253Z] >>> [apiv2][query] GET https://serviceusage.googleapis.com/v1/projects/real-estate-quest/services/eventarc.googleapis.com [none]
[debug] [2025-03-12T03:47:59.253Z] >>> [apiv2][(partial)header] GET https://serviceusage.googleapis.com/v1/projects/real-estate-quest/services/eventarc.googleapis.com x-goog-quota-user=projects/real-estate-quest
[debug] [2025-03-12T03:47:59.254Z] >>> [apiv2][query] GET https://serviceusage.googleapis.com/v1/projects/real-estate-quest/services/pubsub.googleapis.com [none]
[debug] [2025-03-12T03:47:59.254Z] >>> [apiv2][(partial)header] GET https://serviceusage.googleapis.com/v1/projects/real-estate-quest/services/pubsub.googleapis.com x-goog-quota-user=projects/real-estate-quest
[debug] [2025-03-12T03:47:59.255Z] >>> [apiv2][query] GET https://serviceusage.googleapis.com/v1/projects/real-estate-quest/services/storage.googleapis.com [none]
[debug] [2025-03-12T03:47:59.255Z] >>> [apiv2][(partial)header] GET https://serviceusage.googleapis.com/v1/projects/real-estate-quest/services/storage.googleapis.com x-goog-quota-user=projects/real-estate-quest
[debug] [2025-03-12T03:47:59.482Z] <<< [apiv2][status] GET https://serviceusage.googleapis.com/v1/projects/real-estate-quest/services/pubsub.googleapis.com 200
[debug] [2025-03-12T03:47:59.482Z] <<< [apiv2][body] GET https://serviceusage.googleapis.com/v1/projects/real-estate-quest/services/pubsub.googleapis.com [omitted]
[info] ✔  functions: required API pubsub.googleapis.com is enabled 
[debug] [2025-03-12T03:47:59.711Z] <<< [apiv2][status] GET https://serviceusage.googleapis.com/v1/projects/real-estate-quest/services/run.googleapis.com 200
[debug] [2025-03-12T03:47:59.711Z] <<< [apiv2][body] GET https://serviceusage.googleapis.com/v1/projects/real-estate-quest/services/run.googleapis.com [omitted]
[info] ✔  functions: required API run.googleapis.com is enabled 
[debug] [2025-03-12T03:47:59.712Z] <<< [apiv2][status] GET https://serviceusage.googleapis.com/v1/projects/real-estate-quest/services/storage.googleapis.com 200
[debug] [2025-03-12T03:47:59.712Z] <<< [apiv2][body] GET https://serviceusage.googleapis.com/v1/projects/real-estate-quest/services/storage.googleapis.com [omitted]
[info] ✔  functions: required API storage.googleapis.com is enabled 
[debug] [2025-03-12T03:47:59.728Z] <<< [apiv2][status] GET https://serviceusage.googleapis.com/v1/projects/real-estate-quest/services/eventarc.googleapis.com 200
[debug] [2025-03-12T03:47:59.728Z] <<< [apiv2][body] GET https://serviceusage.googleapis.com/v1/projects/real-estate-quest/services/eventarc.googleapis.com [omitted]
[info] ✔  functions: required API eventarc.googleapis.com is enabled 
[info] i  functions: generating the service identity for pubsub.googleapis.com... 
[debug] [2025-03-12T03:47:59.729Z] Checked if tokens are valid: true, expires at: 1741752657124
[debug] [2025-03-12T03:47:59.729Z] Checked if tokens are valid: true, expires at: 1741752657124
[info] i  functions: generating the service identity for eventarc.googleapis.com... 
[debug] [2025-03-12T03:47:59.729Z] Checked if tokens are valid: true, expires at: 1741752657124
[debug] [2025-03-12T03:47:59.729Z] Checked if tokens are valid: true, expires at: 1741752657124
[debug] [2025-03-12T03:47:59.729Z] >>> [apiv2][query] POST https://serviceusage.googleapis.com/v1beta1/projects/517448082147/services/pubsub.googleapis.com:generateServiceIdentity [none]
[debug] [2025-03-12T03:47:59.731Z] >>> [apiv2][query] POST https://serviceusage.googleapis.com/v1beta1/projects/517448082147/services/eventarc.googleapis.com:generateServiceIdentity [none]
[debug] [2025-03-12T03:48:00.276Z] <<< [apiv2][status] POST https://serviceusage.googleapis.com/v1beta1/projects/517448082147/services/pubsub.googleapis.com:generateServiceIdentity 200
[debug] [2025-03-12T03:48:00.276Z] <<< [apiv2][body] POST https://serviceusage.googleapis.com/v1beta1/projects/517448082147/services/pubsub.googleapis.com:generateServiceIdentity {"name":"operations/finished.DONE_OPERATION","done":true,"response":{"@type":"type.googleapis.com/google.api.serviceusage.v1beta1.ServiceIdentity","email":"service-517448082147@gcp-sa-pubsub.iam.gserviceaccount.com","uniqueId":"108379506014114175647"}}
[debug] [2025-03-12T03:48:00.360Z] <<< [apiv2][status] POST https://serviceusage.googleapis.com/v1beta1/projects/517448082147/services/eventarc.googleapis.com:generateServiceIdentity 200
[debug] [2025-03-12T03:48:00.361Z] <<< [apiv2][body] POST https://serviceusage.googleapis.com/v1beta1/projects/517448082147/services/eventarc.googleapis.com:generateServiceIdentity {"name":"operations/finished.DONE_OPERATION","done":true,"response":{"@type":"type.googleapis.com/google.api.serviceusage.v1beta1.ServiceIdentity","email":"service-517448082147@gcp-sa-eventarc.iam.gserviceaccount.com","uniqueId":"118111484474994322358"}}
[debug] [2025-03-12T03:48:00.364Z] Checked if tokens are valid: true, expires at: 1741752657124
[debug] [2025-03-12T03:48:00.364Z] Checked if tokens are valid: true, expires at: 1741752657124
[debug] [2025-03-12T03:48:00.364Z] >>> [apiv2][query] GET https://cloudresourcemanager.googleapis.com/v1/projects/real-estate-quest [none]
[debug] [2025-03-12T03:48:00.546Z] <<< [apiv2][status] GET https://cloudresourcemanager.googleapis.com/v1/projects/real-estate-quest 200
[debug] [2025-03-12T03:48:00.546Z] <<< [apiv2][body] GET https://cloudresourcemanager.googleapis.com/v1/projects/real-estate-quest {"projectNumber":"517448082147","projectId":"real-estate-quest","lifecycleState":"ACTIVE","name":"real-estate-quest","labels":{"firebase":"enabled","firebase-core":"disabled"},"createTime":"2025-03-11T15:57:08.796383Z"}
[debug] [2025-03-12T03:48:00.547Z] Checked if tokens are valid: true, expires at: 1741752657124
[debug] [2025-03-12T03:48:00.547Z] Checked if tokens are valid: true, expires at: 1741752657124
[debug] [2025-03-12T03:48:00.547Z] >>> [apiv2][query] GET https://cloudbilling.googleapis.com/v1/projects/real-estate-quest/billingInfo [none]
[debug] [2025-03-12T03:48:00.840Z] <<< [apiv2][status] GET https://cloudbilling.googleapis.com/v1/projects/real-estate-quest/billingInfo 200
[debug] [2025-03-12T03:48:00.840Z] <<< [apiv2][body] GET https://cloudbilling.googleapis.com/v1/projects/real-estate-quest/billingInfo {"name":"projects/real-estate-quest/billingInfo","projectId":"real-estate-quest","billingAccountName":"billingAccounts/017783-00FB9D-8201CA","billingEnabled":true}
[debug] [2025-03-12T03:48:00.842Z] Checked if tokens are valid: true, expires at: 1741752657124
[debug] [2025-03-12T03:48:00.842Z] Checked if tokens are valid: true, expires at: 1741752657124
[debug] [2025-03-12T03:48:00.842Z] >>> [apiv2][query] POST https://cloudfunctions.googleapis.com/v2/projects/real-estate-quest/locations/us-west1/functions:generateUploadUrl [none]
[debug] [2025-03-12T03:48:01.045Z] <<< [apiv2][status] POST https://cloudfunctions.googleapis.com/v2/projects/real-estate-quest/locations/us-west1/functions:generateUploadUrl 200
[debug] [2025-03-12T03:48:01.045Z] <<< [apiv2][body] POST https://cloudfunctions.googleapis.com/v2/projects/real-estate-quest/locations/us-west1/functions:generateUploadUrl {"uploadUrl":"https://storage.googleapis.com/gcf-v2-uploads-517448082147.us-west1.cloudfunctions.appspot.com/aab12564-5f4c-4e01-9844-f8b0ff11203a.zip?GoogleAccessId=service-517448082147@gcf-admin-robot.iam.gserviceaccount.com&Expires=1741753081&Signature=kEh2mFGWXidCnpwtm1M9xITBMEhssK6xT69ByIbWbzCplswEgS6nQ1V4uNftbE9rG0Y7kRhzDF5alV91%2FP2lo6I9LNAQKQPzaQW2Wx2FgS8RMoSgPN2UsoLEQYy1lL9V%2BOZJKSkpWehXbPSa5SGufSErE7aPGmGlJ501ZwpmBpDpPR4CgVQY6FXa0JOEURNcQ%2FXYODEnWoQ2Q50pWDK84XFTVgAwtxiGSTo2UDoK641aSVs9aqJwT31%2BRNZ4ArKtRCpHnuQhkTt3eWmPGf%2FHhOBv3QxqLtL4mm2fD4I%2BIw7kq%2BlxErnmaeAinaUs8DXLuoleG3iMwyJ9juNsXgwHuA%3D%3D","storageSource":{"bucket":"gcf-v2-uploads-517448082147.us-west1.cloudfunctions.appspot.com","object":"aab12564-5f4c-4e01-9844-f8b0ff11203a.zip"}}
[debug] [2025-03-12T03:48:01.046Z] >>> [apiv2][query] PUT https://storage.googleapis.com/gcf-v2-uploads-517448082147.us-west1.cloudfunctions.appspot.com/aab12564-5f4c-4e01-9844-f8b0ff11203a.zip GoogleAccessId=service-517448082147%40gcf-admin-robot.iam.gserviceaccount.com&Expires=1741753081&Signature=kEh2mFGWXidCnpwtm1M9xITBMEhssK6xT69ByIbWbzCplswEgS6nQ1V4uNftbE9rG0Y7kRhzDF5alV91%2FP2lo6I9LNAQKQPzaQW2Wx2FgS8RMoSgPN2UsoLEQYy1lL9V%2BOZJKSkpWehXbPSa5SGufSErE7aPGmGlJ501ZwpmBpDpPR4CgVQY6FXa0JOEURNcQ%2FXYODEnWoQ2Q50pWDK84XFTVgAwtxiGSTo2UDoK641aSVs9aqJwT31%2BRNZ4ArKtRCpHnuQhkTt3eWmPGf%2FHhOBv3QxqLtL4mm2fD4I%2BIw7kq%2BlxErnmaeAinaUs8DXLuoleG3iMwyJ9juNsXgwHuA%3D%3D
[debug] [2025-03-12T03:48:01.046Z] >>> [apiv2][body] PUT https://storage.googleapis.com/gcf-v2-uploads-517448082147.us-west1.cloudfunctions.appspot.com/aab12564-5f4c-4e01-9844-f8b0ff11203a.zip [stream]
[debug] [2025-03-12T03:48:01.356Z] <<< [apiv2][status] PUT https://storage.googleapis.com/gcf-v2-uploads-517448082147.us-west1.cloudfunctions.appspot.com/aab12564-5f4c-4e01-9844-f8b0ff11203a.zip 200
[debug] [2025-03-12T03:48:01.356Z] <<< [apiv2][body] PUT https://storage.googleapis.com/gcf-v2-uploads-517448082147.us-west1.cloudfunctions.appspot.com/aab12564-5f4c-4e01-9844-f8b0ff11203a.zip [omitted]
[info] ✔  functions: functions folder uploaded successfully 
[info] i  functions: updating Node.js 22 (2nd Gen) function getQuestionsByChapter(us-west1)... 
[debug] [2025-03-12T03:48:01.365Z] Checked if tokens are valid: true, expires at: 1741752657124
[debug] [2025-03-12T03:48:01.365Z] Checked if tokens are valid: true, expires at: 1741752657124
[debug] [2025-03-12T03:48:01.365Z] >>> [apiv2][query] PATCH https://cloudfunctions.googleapis.com/v2/projects/real-estate-quest/locations/us-west1/functions/getQuestionsByChapter updateMask=name%2CbuildConfig.runtime%2CbuildConfig.entryPoint%2CbuildConfig.source.storageSource.bucket%2CbuildConfig.source.storageSource.object%2CbuildConfig.environmentVariables%2CbuildConfig.sourceToken%2CserviceConfig.environmentVariables%2CserviceConfig.ingressSettings%2CserviceConfig.timeoutSeconds%2CserviceConfig.serviceAccountEmail%2CserviceConfig.availableMemory%2CserviceConfig.minInstanceCount%2CserviceConfig.maxInstanceCount%2CserviceConfig.maxInstanceRequestConcurrency%2CserviceConfig.availableCpu%2CserviceConfig.vpcConnector%2CserviceConfig.vpcConnectorEgressSettings%2Clabels%2CbuildConfig.buildEnvironmentVariables
[debug] [2025-03-12T03:48:01.365Z] >>> [apiv2][body] PATCH https://cloudfunctions.googleapis.com/v2/projects/real-estate-quest/locations/us-west1/functions/getQuestionsByChapter {"name":"projects/real-estate-quest/locations/us-west1/functions/getQuestionsByChapter","buildConfig":{"runtime":"nodejs22","entryPoint":"getQuestionsByChapter","source":{"storageSource":{"bucket":"gcf-v2-uploads-517448082147.us-west1.cloudfunctions.appspot.com","object":"aab12564-5f4c-4e01-9844-f8b0ff11203a.zip"}},"environmentVariables":{"GOOGLE_NODE_RUN_SCRIPTS":""}},"serviceConfig":{"environmentVariables":{"FIREBASE_CONFIG":"{\"projectId\":\"real-estate-quest\",\"storageBucket\":\"real-estate-quest.firebasestorage.app\"}","GCLOUD_PROJECT":"real-estate-quest","EVENTARC_CLOUD_EVENT_SOURCE":"projects/real-estate-quest/locations/us-west1/services/getQuestionsByChapter","FUNCTION_TARGET":"getQuestionsByChapter","LOG_EXECUTION_ID":"true"},"ingressSettings":null,"timeoutSeconds":null,"serviceAccountEmail":null,"availableMemory":"256Mi","minInstanceCount":null,"maxInstanceCount":null,"maxInstanceRequestConcurrency":80,"availableCpu":"1","vpcConnector":null,"vpcConnectorEgressSettings":null},"labels":{"deployment-tool":"cli-firebase","deployment-callable":"true","firebase-functions-hash":"fb34aa6762f3332c8cc387667a14eb79d9a50052"}}
[debug] [2025-03-12T03:48:02.835Z] <<< [apiv2][status] PATCH https://cloudfunctions.googleapis.com/v2/projects/real-estate-quest/locations/us-west1/functions/getQuestionsByChapter 200
[debug] [2025-03-12T03:48:02.835Z] <<< [apiv2][body] PATCH https://cloudfunctions.googleapis.com/v2/projects/real-estate-quest/locations/us-west1/functions/getQuestionsByChapter {"name":"projects/real-estate-quest/locations/us-west1/operations/operation-1741751281561-6301d126cadc5-e2993ad9-3117c3ab","metadata":{"@type":"type.googleapis.com/google.cloud.functions.v2.OperationMetadata","createTime":"2025-03-12T03:48:02.689885565Z","target":"projects/real-estate-quest/locations/us-west1/functions/getQuestionsByChapter","verb":"update","cancelRequested":false,"apiVersion":"v2"},"done":false}
[debug] [2025-03-12T03:48:02.836Z] Checked if tokens are valid: true, expires at: 1741752657124
[debug] [2025-03-12T03:48:02.836Z] Checked if tokens are valid: true, expires at: 1741752657124
[debug] [2025-03-12T03:48:02.837Z] >>> [apiv2][query] GET https://cloudfunctions.googleapis.com/v2/projects/real-estate-quest/locations/us-west1/operations/operation-1741751281561-6301d126cadc5-e2993ad9-3117c3ab [none]
[debug] [2025-03-12T03:48:02.981Z] <<< [apiv2][status] GET https://cloudfunctions.googleapis.com/v2/projects/real-estate-quest/locations/us-west1/operations/operation-1741751281561-6301d126cadc5-e2993ad9-3117c3ab 200
[debug] [2025-03-12T03:48:02.981Z] <<< [apiv2][body] GET https://cloudfunctions.googleapis.com/v2/projects/real-estate-quest/locations/us-west1/operations/operation-1741751281561-6301d126cadc5-e2993ad9-3117c3ab {"name":"projects/real-estate-quest/locations/us-west1/operations/operation-1741751281561-6301d126cadc5-e2993ad9-3117c3ab","metadata":{"@type":"type.googleapis.com/google.cloud.functions.v2.OperationMetadata","createTime":"2025-03-12T03:48:02.689885565Z","target":"projects/real-estate-quest/locations/us-west1/functions/getQuestionsByChapter","verb":"update","cancelRequested":false,"apiVersion":"v2","requestResource":{"@type":"type.googleapis.com/google.cloud.functions.v2.Function","name":"projects/real-estate-quest/locations/us-west1/functions/getQuestionsByChapter","buildConfig":{"runtime":"nodejs22","entryPoint":"getQuestionsByChapter","source":{"storageSource":{"bucket":"gcf-v2-sources-517448082147-us-west1","object":"getQuestionsByChapter/function-source.zip","generation":"1741751282615401"}},"environmentVariables":{"GOOGLE_NODE_RUN_SCRIPTS":""},"dockerRepository":"projects/real-estate-quest/locations/us-west1/repositories/gcf-artifacts","sourceProvenance":{"resolvedStorageSource":{"bucket":"gcf-v2-sources-517448082147-us-west1","object":"getQuestionsByChapter/function-source.zip","generation":"1741750842215281"}},"dockerRegistry":"ARTIFACT_REGISTRY","serviceAccount":"projects/real-estate-quest/serviceAccounts/517448082147-compute@developer.gserviceaccount.com","automaticUpdatePolicy":{}},"serviceConfig":{"service":"projects/real-estate-quest/locations/us-west1/services/getquestionsbychapter","timeoutSeconds":60,"environmentVariables":{"FIREBASE_CONFIG":"{\"projectId\":\"real-estate-quest\",\"storageBucket\":\"real-estate-quest.firebasestorage.app\"}","GCLOUD_PROJECT":"real-estate-quest","EVENTARC_CLOUD_EVENT_SOURCE":"projects/real-estate-quest/locations/us-west1/services/getQuestionsByChapter","FUNCTION_TARGET":"getQuestionsByChapter","LOG_EXECUTION_ID":"true"},"ingressSettings":"ALLOW_ALL","uri":"https://getquestionsbychapter-5femctglcq-uw.a.run.app","serviceAccountEmail":"517448082147-compute@developer.gserviceaccount.com","availableMemory":"256Mi","allTrafficOnLatestRevision":true,"revision":"getquestionsbychapter-00002-yif","maxInstanceRequestConcurrency":80,"availableCpu":"1"},"state":"ACTIVE","labels":{"deployment-tool":"cli-firebase","deployment-callable":"true","firebase-functions-hash":"fb34aa6762f3332c8cc387667a14eb79d9a50052"},"environment":"GEN_2","url":"https://us-west1-real-estate-quest.cloudfunctions.net/getQuestionsByChapter","satisfiesPzi":true},"stages":[{"name":"BUILD","state":"NOT_STARTED"},{"name":"SERVICE","state":"NOT_STARTED"}],"operationType":"UPDATE_FUNCTION"},"done":false}
[debug] [2025-03-12T03:48:03.483Z] [update-default-us-west1-getQuestionsByChapter] Retrying task index 0
[debug] [2025-03-12T03:48:03.484Z] Checked if tokens are valid: true, expires at: 1741752657124
[debug] [2025-03-12T03:48:03.484Z] Checked if tokens are valid: true, expires at: 1741752657124
[debug] [2025-03-12T03:48:03.485Z] >>> [apiv2][query] GET https://cloudfunctions.googleapis.com/v2/projects/real-estate-quest/locations/us-west1/operations/operation-1741751281561-6301d126cadc5-e2993ad9-3117c3ab [none]
[debug] [2025-03-12T03:48:03.648Z] <<< [apiv2][status] GET https://cloudfunctions.googleapis.com/v2/projects/real-estate-quest/locations/us-west1/operations/operation-1741751281561-6301d126cadc5-e2993ad9-3117c3ab 200
[debug] [2025-03-12T03:48:03.648Z] <<< [apiv2][body] GET https://cloudfunctions.googleapis.com/v2/projects/real-estate-quest/locations/us-west1/operations/operation-1741751281561-6301d126cadc5-e2993ad9-3117c3ab {"name":"projects/real-estate-quest/locations/us-west1/operations/operation-1741751281561-6301d126cadc5-e2993ad9-3117c3ab","metadata":{"@type":"type.googleapis.com/google.cloud.functions.v2.OperationMetadata","createTime":"2025-03-12T03:48:02.689885565Z","target":"projects/real-estate-quest/locations/us-west1/functions/getQuestionsByChapter","verb":"update","cancelRequested":false,"apiVersion":"v2","requestResource":{"@type":"type.googleapis.com/google.cloud.functions.v2.Function","name":"projects/real-estate-quest/locations/us-west1/functions/getQuestionsByChapter","buildConfig":{"runtime":"nodejs22","entryPoint":"getQuestionsByChapter","source":{"storageSource":{"bucket":"gcf-v2-sources-517448082147-us-west1","object":"getQuestionsByChapter/function-source.zip","generation":"1741751282615401"}},"environmentVariables":{"GOOGLE_NODE_RUN_SCRIPTS":""},"dockerRepository":"projects/real-estate-quest/locations/us-west1/repositories/gcf-artifacts","sourceProvenance":{"resolvedStorageSource":{"bucket":"gcf-v2-sources-517448082147-us-west1","object":"getQuestionsByChapter/function-source.zip","generation":"1741750842215281"}},"dockerRegistry":"ARTIFACT_REGISTRY","serviceAccount":"projects/real-estate-quest/serviceAccounts/517448082147-compute@developer.gserviceaccount.com","automaticUpdatePolicy":{}},"serviceConfig":{"service":"projects/real-estate-quest/locations/us-west1/services/getquestionsbychapter","timeoutSeconds":60,"environmentVariables":{"FIREBASE_CONFIG":"{\"projectId\":\"real-estate-quest\",\"storageBucket\":\"real-estate-quest.firebasestorage.app\"}","GCLOUD_PROJECT":"real-estate-quest","EVENTARC_CLOUD_EVENT_SOURCE":"projects/real-estate-quest/locations/us-west1/services/getQuestionsByChapter","FUNCTION_TARGET":"getQuestionsByChapter","LOG_EXECUTION_ID":"true"},"ingressSettings":"ALLOW_ALL","uri":"https://getquestionsbychapter-5femctglcq-uw.a.run.app","serviceAccountEmail":"517448082147-compute@developer.gserviceaccount.com","availableMemory":"256Mi","allTrafficOnLatestRevision":true,"revision":"getquestionsbychapter-00002-yif","maxInstanceRequestConcurrency":80,"availableCpu":"1"},"state":"ACTIVE","labels":{"deployment-tool":"cli-firebase","deployment-callable":"true","firebase-functions-hash":"fb34aa6762f3332c8cc387667a14eb79d9a50052"},"environment":"GEN_2","url":"https://us-west1-real-estate-quest.cloudfunctions.net/getQuestionsByChapter","satisfiesPzi":true},"stages":[{"name":"BUILD","message":"Build in progress","state":"IN_PROGRESS","resource":"projects/517448082147/locations/us-west1/builds/4e1c9a5e-032c-4b0e-9115-34cc57da875f","resourceUri":"https://console.cloud.google.com/cloud-build/builds;region=us-west1/4e1c9a5e-032c-4b0e-9115-34cc57da875f?project=517448082147"},{"name":"SERVICE","state":"NOT_STARTED"}],"operationType":"UPDATE_FUNCTION","buildName":"projects/517448082147/locations/us-west1/builds/4e1c9a5e-032c-4b0e-9115-34cc57da875f"},"done":false}
[debug] [2025-03-12T03:48:04.652Z] [update-default-us-west1-getQuestionsByChapter] Retrying task index 0
[debug] [2025-03-12T03:48:04.655Z] Checked if tokens are valid: true, expires at: 1741752657124
[debug] [2025-03-12T03:48:04.655Z] Checked if tokens are valid: true, expires at: 1741752657124
[debug] [2025-03-12T03:48:04.655Z] >>> [apiv2][query] GET https://cloudfunctions.googleapis.com/v2/projects/real-estate-quest/locations/us-west1/operations/operation-1741751281561-6301d126cadc5-e2993ad9-3117c3ab [none]
[debug] [2025-03-12T03:48:04.814Z] <<< [apiv2][status] GET https://cloudfunctions.googleapis.com/v2/projects/real-estate-quest/locations/us-west1/operations/operation-1741751281561-6301d126cadc5-e2993ad9-3117c3ab 200
[debug] [2025-03-12T03:48:04.814Z] <<< [apiv2][body] GET https://cloudfunctions.googleapis.com/v2/projects/real-estate-quest/locations/us-west1/operations/operation-1741751281561-6301d126cadc5-e2993ad9-3117c3ab {"name":"projects/real-estate-quest/locations/us-west1/operations/operation-1741751281561-6301d126cadc5-e2993ad9-3117c3ab","metadata":{"@type":"type.googleapis.com/google.cloud.functions.v2.OperationMetadata","createTime":"2025-03-12T03:48:02.689885565Z","target":"projects/real-estate-quest/locations/us-west1/functions/getQuestionsByChapter","verb":"update","cancelRequested":false,"apiVersion":"v2","requestResource":{"@type":"type.googleapis.com/google.cloud.functions.v2.Function","name":"projects/real-estate-quest/locations/us-west1/functions/getQuestionsByChapter","buildConfig":{"runtime":"nodejs22","entryPoint":"getQuestionsByChapter","source":{"storageSource":{"bucket":"gcf-v2-sources-517448082147-us-west1","object":"getQuestionsByChapter/function-source.zip","generation":"1741751282615401"}},"environmentVariables":{"GOOGLE_NODE_RUN_SCRIPTS":""},"dockerRepository":"projects/real-estate-quest/locations/us-west1/repositories/gcf-artifacts","sourceProvenance":{"resolvedStorageSource":{"bucket":"gcf-v2-sources-517448082147-us-west1","object":"getQuestionsByChapter/function-source.zip","generation":"1741750842215281"}},"dockerRegistry":"ARTIFACT_REGISTRY","serviceAccount":"projects/real-estate-quest/serviceAccounts/517448082147-compute@developer.gserviceaccount.com","automaticUpdatePolicy":{}},"serviceConfig":{"service":"projects/real-estate-quest/locations/us-west1/services/getquestionsbychapter","timeoutSeconds":60,"environmentVariables":{"FIREBASE_CONFIG":"{\"projectId\":\"real-estate-quest\",\"storageBucket\":\"real-estate-quest.firebasestorage.app\"}","GCLOUD_PROJECT":"real-estate-quest","EVENTARC_CLOUD_EVENT_SOURCE":"projects/real-estate-quest/locations/us-west1/services/getQuestionsByChapter","FUNCTION_TARGET":"getQuestionsByChapter","LOG_EXECUTION_ID":"true"},"ingressSettings":"ALLOW_ALL","uri":"https://getquestionsbychapter-5femctglcq-uw.a.run.app","serviceAccountEmail":"517448082147-compute@developer.gserviceaccount.com","availableMemory":"256Mi","allTrafficOnLatestRevision":true,"revision":"getquestionsbychapter-00002-yif","maxInstanceRequestConcurrency":80,"availableCpu":"1"},"state":"ACTIVE","labels":{"deployment-tool":"cli-firebase","deployment-callable":"true","firebase-functions-hash":"fb34aa6762f3332c8cc387667a14eb79d9a50052"},"environment":"GEN_2","url":"https://us-west1-real-estate-quest.cloudfunctions.net/getQuestionsByChapter","satisfiesPzi":true},"stages":[{"name":"BUILD","message":"Build in progress","state":"IN_PROGRESS","resource":"projects/517448082147/locations/us-west1/builds/4e1c9a5e-032c-4b0e-9115-34cc57da875f","resourceUri":"https://console.cloud.google.com/cloud-build/builds;region=us-west1/4e1c9a5e-032c-4b0e-9115-34cc57da875f?project=517448082147"},{"name":"SERVICE","state":"NOT_STARTED"}],"operationType":"UPDATE_FUNCTION","buildName":"projects/517448082147/locations/us-west1/builds/4e1c9a5e-032c-4b0e-9115-34cc57da875f"},"done":false}
